Deprecation warning: The standalone 'grafana-server' program is deprecated and will be removed in the future. Please update all uses of 'grafana-server' to 'grafana server'
Grafana server is running with elevated privileges. This is not recommended
logger=settings t=2025-04-26T11:28:26.462776661-04:00 level=info msg="Starting Grafana" version=10.2.3 commit=1e84fede543acc892d2a2515187e545eb047f237 branch=HEAD compiled=2023-12-18T10:46:07-05:00
logger=settings t=2025-04-26T11:28:26.462919557-04:00 level=info msg="Config loaded from" file=/home/chloe/athena_guard/grafana/conf/defaults.ini
logger=settings t=2025-04-26T11:28:26.462930288-04:00 level=info msg=Target target=[all]
logger=settings t=2025-04-26T11:28:26.462938794-04:00 level=info msg="Path Home" path=/home/chloe/athena_guard/grafana
logger=settings t=2025-04-26T11:28:26.462944495-04:00 level=info msg="Path Data" path=/home/chloe/athena_guard/grafana/data
logger=settings t=2025-04-26T11:28:26.462950607-04:00 level=info msg="Path Logs" path=/home/chloe/athena_guard/grafana/data/log
logger=settings t=2025-04-26T11:28:26.462956518-04:00 level=info msg="Path Plugins" path=/home/chloe/athena_guard/grafana/data/plugins
logger=settings t=2025-04-26T11:28:26.46296277-04:00 level=info msg="Path Provisioning" path=/home/chloe/athena_guard/grafana/conf/provisioning
logger=settings t=2025-04-26T11:28:26.462968601-04:00 level=info msg="App mode production"
logger=sqlstore t=2025-04-26T11:28:26.463139551-04:00 level=info msg="Connecting to DB" dbtype=sqlite3
logger=migrator t=2025-04-26T11:28:26.46346548-04:00 level=info msg="Starting DB migrations"
logger=migrator t=2025-04-26T11:28:26.475859656-04:00 level=info msg="migrations completed" performed=0 skipped=523 duration=983.226µs
logger=secrets t=2025-04-26T11:28:26.476650742-04:00 level=info msg="Envelope encryption state" enabled=true currentprovider=secretKey.v1
logger=plugin.store t=2025-04-26T11:28:26.486034204-04:00 level=info msg="Loading plugins..."
logger=plugins.registration t=2025-04-26T11:28:26.508503556-04:00 level=info msg="Plugin registered" pluginId=input
logger=local.finder t=2025-04-26T11:28:26.508527182-04:00 level=warn msg="Skipping finding plugins as directory does not exist" path=/home/chloe/athena_guard/grafana/data/plugins
logger=plugin.store t=2025-04-26T11:28:26.508539386-04:00 level=info msg="Plugins loaded" count=56 duration=22.505723ms
logger=query_data t=2025-04-26T11:28:26.510924995-04:00 level=info msg="Query Service initialization"
logger=live.push_http t=2025-04-26T11:28:26.512973084-04:00 level=info msg="Live Push Gateway initialization"
logger=ngalert.migration t=2025-04-26T11:28:26.514125225-04:00 level=info msg=Starting
logger=ngalert.migration CurrentType=UnifiedAlerting DesiredType=UnifiedAlerting CleanOnDowngrade=false CleanOnUpgrade=false t=2025-04-26T11:28:26.51438699-04:00 level=info msg="Migration already complete"
logger=infra.usagestats.collector t=2025-04-26T11:28:26.523078919-04:00 level=info msg="registering usage stat providers" usageStatsProvidersLen=2
logger=provisioning.alerting t=2025-04-26T11:28:26.523551951-04:00 level=info msg="starting to provision alerting"
logger=provisioning.alerting t=2025-04-26T11:28:26.523565086-04:00 level=info msg="finished to provision alerting"
logger=ngalert.state.manager t=2025-04-26T11:28:26.523707922-04:00 level=info msg="Warming state cache for startup"
logger=ngalert.multiorg.alertmanager t=2025-04-26T11:28:26.523768278-04:00 level=info msg="Starting MultiOrg Alertmanager"
logger=grafanaStorageLogger t=2025-04-26T11:28:26.523714414-04:00 level=info msg="Storage starting"
logger=server t=2025-04-26T11:28:26.525630639-04:00 level=error msg="Stopped background service" service=*api.HTTPServer reason="failed to open listener on address 0.0.0.0:3000: listen tcp 0.0.0.0:3000: bind: address already in use"
logger=tracing t=2025-04-26T11:28:26.525689302-04:00 level=info msg="Closing tracing"
logger=grafana.update.checker t=2025-04-26T11:28:26.525720582-04:00 level=error msg="Update check failed" error="failed to get latest.json repo from github.com: Get \"https://raw.githubusercontent.com/grafana/grafana/main/latest.json\": context canceled" duration=1.932285ms
logger=auth t=2025-04-26T11:28:26.54757527-04:00 level=error msg="Failed to lock and execute cleanup of expired auth token" error="context canceled"
logger=infra.usagestats t=2025-04-26T11:28:26.568302253-04:00 level=error msg="Failed to get last sent time" error="context canceled"
logger=provisioning.dashboard t=2025-04-26T11:28:26.56851347-04:00 level=warn msg="Failed to delete orphaned provisioned dashboards" err="context canceled"
logger=publicdashboards.metric t=2025-04-26T11:28:26.570876496-04:00 level=error msg="error collecting background metrics" err="context canceled"
logger=ngalert.state.manager t=2025-04-26T11:28:26.571229547-04:00 level=error msg="Unable to fetch orgIds" error="context canceled"
logger=ngalert.state.manager t=2025-04-26T11:28:26.571250717-04:00 level=info msg="State cache has been initialized" states=0 duration=47.542646ms
logger=serviceaccounts t=2025-04-26T11:28:26.571267991-04:00 level=warn msg="Failed to get usage metrics" error="context canceled"
logger=ngalert.scheduler t=2025-04-26T11:28:26.571267309-04:00 level=info msg="Starting scheduler" tickInterval=10s
logger=ticker t=2025-04-26T11:28:26.571313338-04:00 level=info msg=starting first_tick=2025-04-26T11:28:30-04:00
logger=plugin.signature.key_retriever t=2025-04-26T11:28:26.58343503-04:00 level=error msg="Error downloading plugin manifest keys" error="kv get: context canceled"
Error: ✗ *api.HTTPServer run error: failed to open listener on address 0.0.0.0:3000: listen tcp 0.0.0.0:3000: bind: address already in use
