ts=2025-04-30T10:57:18.731Z caller=node_exporter.go:193 level=info msg="Starting node_exporter" version="(version=1.8.1, branch=HEAD, revision=400c3979931613db930ea035f39ce7b377cdbb5b)"
ts=2025-04-30T10:57:18.731Z caller=node_exporter.go:194 level=info msg="Build context" build_context="(go=go1.22.3, platform=linux/amd64, user=root@7afbff271a3f, date=20240521-18:36:22, tags=unknown)"
ts=2025-04-30T10:57:18.731Z caller=node_exporter.go:196 level=warn msg="Node Exporter is running as root user. This exporter is designed to run as unprivileged user, root is not required."
ts=2025-04-30T10:57:18.732Z caller=filesystem_common.go:111 level=info collector=filesystem msg="Parsed flag --collector.filesystem.mount-points-exclude" flag=^/(dev|proc|run/credentials/.+|sys|var/lib/docker/.+|var/lib/containers/storage/.+)($|/)
ts=2025-04-30T10:57:18.732Z caller=filesystem_common.go:113 level=info collector=filesystem msg="Parsed flag --collector.filesystem.fs-types-exclude" flag=^(autofs|binfmt_misc|bpf|cgroup2?|configfs|debugfs|devpts|devtmpfs|fusectl|hugetlbfs|iso9660|mqueue|nsfs|overlay|proc|procfs|pstore|rpc_pipefs|securityfs|selinuxfs|squashfs|sysfs|tracefs)$
ts=2025-04-30T10:57:18.732Z caller=diskstats_common.go:111 level=info collector=diskstats msg="Parsed flag --collector.diskstats.device-exclude" flag=^(z?ram|loop|fd|(h|s|v|xv)d[a-z]|nvme\d+n\d+p)\d+$
ts=2025-04-30T10:57:18.732Z caller=node_exporter.go:111 level=info msg="Enabled collectors"
ts=2025-04-30T10:57:18.732Z caller=node_exporter.go:118 level=info collector=arp
ts=2025-04-30T10:57:18.732Z caller=node_exporter.go:118 level=info collector=bcache
ts=2025-04-30T10:57:18.732Z caller=node_exporter.go:118 level=info collector=bonding
ts=2025-04-30T10:57:18.732Z caller=node_exporter.go:118 level=info collector=btrfs
ts=2025-04-30T10:57:18.732Z caller=node_exporter.go:118 level=info collector=conntrack
ts=2025-04-30T10:57:18.732Z caller=node_exporter.go:118 level=info collector=cpu
ts=2025-04-30T10:57:18.732Z caller=node_exporter.go:118 level=info collector=cpufreq
ts=2025-04-30T10:57:18.732Z caller=node_exporter.go:118 level=info collector=diskstats
ts=2025-04-30T10:57:18.732Z caller=node_exporter.go:118 level=info collector=dmi
ts=2025-04-30T10:57:18.732Z caller=node_exporter.go:118 level=info collector=edac
ts=2025-04-30T10:57:18.732Z caller=node_exporter.go:118 level=info collector=entropy
ts=2025-04-30T10:57:18.732Z caller=node_exporter.go:118 level=info collector=fibrechannel
ts=2025-04-30T10:57:18.732Z caller=node_exporter.go:118 level=info collector=filefd
ts=2025-04-30T10:57:18.732Z caller=node_exporter.go:118 level=info collector=filesystem
ts=2025-04-30T10:57:18.732Z caller=node_exporter.go:118 level=info collector=hwmon
ts=2025-04-30T10:57:18.732Z caller=node_exporter.go:118 level=info collector=infiniband
ts=2025-04-30T10:57:18.732Z caller=node_exporter.go:118 level=info collector=ipvs
ts=2025-04-30T10:57:18.732Z caller=node_exporter.go:118 level=info collector=loadavg
ts=2025-04-30T10:57:18.732Z caller=node_exporter.go:118 level=info collector=mdadm
ts=2025-04-30T10:57:18.732Z caller=node_exporter.go:118 level=info collector=meminfo
ts=2025-04-30T10:57:18.732Z caller=node_exporter.go:118 level=info collector=netclass
ts=2025-04-30T10:57:18.732Z caller=node_exporter.go:118 level=info collector=netdev
ts=2025-04-30T10:57:18.732Z caller=node_exporter.go:118 level=info collector=netstat
ts=2025-04-30T10:57:18.732Z caller=node_exporter.go:118 level=info collector=nfs
ts=2025-04-30T10:57:18.732Z caller=node_exporter.go:118 level=info collector=nfsd
ts=2025-04-30T10:57:18.732Z caller=node_exporter.go:118 level=info collector=nvme
ts=2025-04-30T10:57:18.732Z caller=node_exporter.go:118 level=info collector=os
ts=2025-04-30T10:57:18.732Z caller=node_exporter.go:118 level=info collector=powersupplyclass
ts=2025-04-30T10:57:18.732Z caller=node_exporter.go:118 level=info collector=pressure
ts=2025-04-30T10:57:18.732Z caller=node_exporter.go:118 level=info collector=rapl
ts=2025-04-30T10:57:18.732Z caller=node_exporter.go:118 level=info collector=schedstat
ts=2025-04-30T10:57:18.732Z caller=node_exporter.go:118 level=info collector=selinux
ts=2025-04-30T10:57:18.732Z caller=node_exporter.go:118 level=info collector=sockstat
ts=2025-04-30T10:57:18.732Z caller=node_exporter.go:118 level=info collector=softnet
ts=2025-04-30T10:57:18.732Z caller=node_exporter.go:118 level=info collector=stat
ts=2025-04-30T10:57:18.732Z caller=node_exporter.go:118 level=info collector=tapestats
ts=2025-04-30T10:57:18.732Z caller=node_exporter.go:118 level=info collector=textfile
ts=2025-04-30T10:57:18.732Z caller=node_exporter.go:118 level=info collector=thermal_zone
ts=2025-04-30T10:57:18.732Z caller=node_exporter.go:118 level=info collector=time
ts=2025-04-30T10:57:18.732Z caller=node_exporter.go:118 level=info collector=timex
ts=2025-04-30T10:57:18.732Z caller=node_exporter.go:118 level=info collector=udp_queues
ts=2025-04-30T10:57:18.732Z caller=node_exporter.go:118 level=info collector=uname
ts=2025-04-30T10:57:18.732Z caller=node_exporter.go:118 level=info collector=vmstat
ts=2025-04-30T10:57:18.732Z caller=node_exporter.go:118 level=info collector=watchdog
ts=2025-04-30T10:57:18.732Z caller=node_exporter.go:118 level=info collector=xfs
ts=2025-04-30T10:57:18.732Z caller=node_exporter.go:118 level=info collector=zfs
ts=2025-04-30T10:57:18.733Z caller=tls_config.go:313 level=info msg="Listening on" address=[::]:9100
ts=2025-04-30T10:57:18.733Z caller=tls_config.go:316 level=info msg="TLS is disabled." http2=false address=[::]:9100
ts=2025-04-30T10:57:30.250Z caller=textfile.go:245 level=error collector=textfile msg="failed to collect textfile data" file=athenaguard.prom err="failed to parse textfile data from \"/var/lib/node_exporter/textfile_collector/athenaguard.prom\": text format parsing error in line 19: expected float as value, got \"2025-04-30\""
ts=2025-04-30T10:57:45.250Z caller=textfile.go:245 level=error collector=textfile msg="failed to collect textfile data" file=athenaguard.prom err="failed to parse textfile data from \"/var/lib/node_exporter/textfile_collector/athenaguard.prom\": text format parsing error in line 19: expected float as value, got \"2025-04-30\""
ts=2025-04-30T10:58:00.235Z caller=textfile.go:245 level=error collector=textfile msg="failed to collect textfile data" file=athenaguard.prom err="failed to parse textfile data from \"/var/lib/node_exporter/textfile_collector/athenaguard.prom\": text format parsing error in line 19: expected float as value, got \"2025-04-30\""
ts=2025-04-30T10:58:15.232Z caller=textfile.go:245 level=error collector=textfile msg="failed to collect textfile data" file=athenaguard.prom err="failed to parse textfile data from \"/var/lib/node_exporter/textfile_collector/athenaguard.prom\": text format parsing error in line 19: expected float as value, got \"2025-04-30\""
ts=2025-04-30T10:58:30.237Z caller=textfile.go:245 level=error collector=textfile msg="failed to collect textfile data" file=athenaguard.prom err="failed to parse textfile data from \"/var/lib/node_exporter/textfile_collector/athenaguard.prom\": text format parsing error in line 19: expected float as value, got \"2025-04-30\""
ts=2025-04-30T10:58:45.233Z caller=textfile.go:245 level=error collector=textfile msg="failed to collect textfile data" file=athenaguard.prom err="failed to parse textfile data from \"/var/lib/node_exporter/textfile_collector/athenaguard.prom\": text format parsing error in line 19: expected float as value, got \"2025-04-30\""
ts=2025-04-30T10:59:00.238Z caller=textfile.go:245 level=error collector=textfile msg="failed to collect textfile data" file=athenaguard.prom err="failed to parse textfile data from \"/var/lib/node_exporter/textfile_collector/athenaguard.prom\": text format parsing error in line 19: expected float as value, got \"2025-04-30\""
ts=2025-04-30T10:59:15.236Z caller=textfile.go:245 level=error collector=textfile msg="failed to collect textfile data" file=athenaguard.prom err="failed to parse textfile data from \"/var/lib/node_exporter/textfile_collector/athenaguard.prom\": text format parsing error in line 19: expected float as value, got \"2025-04-30\""
ts=2025-04-30T10:59:30.235Z caller=textfile.go:245 level=error collector=textfile msg="failed to collect textfile data" file=athenaguard.prom err="failed to parse textfile data from \"/var/lib/node_exporter/textfile_collector/athenaguard.prom\": text format parsing error in line 19: expected float as value, got \"2025-04-30\""
ts=2025-04-30T10:59:45.249Z caller=textfile.go:245 level=error collector=textfile msg="failed to collect textfile data" file=athenaguard.prom err="failed to parse textfile data from \"/var/lib/node_exporter/textfile_collector/athenaguard.prom\": text format parsing error in line 19: expected float as value, got \"2025-04-30\""
ts=2025-04-30T11:00:00.237Z caller=textfile.go:245 level=error collector=textfile msg="failed to collect textfile data" file=athenaguard.prom err="failed to parse textfile data from \"/var/lib/node_exporter/textfile_collector/athenaguard.prom\": text format parsing error in line 19: expected float as value, got \"2025-04-30\""
ts=2025-04-30T11:00:15.238Z caller=textfile.go:245 level=error collector=textfile msg="failed to collect textfile data" file=athenaguard.prom err="failed to parse textfile data from \"/var/lib/node_exporter/textfile_collector/athenaguard.prom\": text format parsing error in line 19: expected float as value, got \"2025-04-30\""
ts=2025-04-30T11:00:30.253Z caller=textfile.go:245 level=error collector=textfile msg="failed to collect textfile data" file=athenaguard.prom err="failed to parse textfile data from \"/var/lib/node_exporter/textfile_collector/athenaguard.prom\": text format parsing error in line 19: expected float as value, got \"2025-04-30\""
ts=2025-04-30T11:00:45.236Z caller=textfile.go:245 level=error collector=textfile msg="failed to collect textfile data" file=athenaguard.prom err="failed to parse textfile data from \"/var/lib/node_exporter/textfile_collector/athenaguard.prom\": text format parsing error in line 19: expected float as value, got \"2025-04-30\""
ts=2025-04-30T11:01:00.236Z caller=textfile.go:245 level=error collector=textfile msg="failed to collect textfile data" file=athenaguard.prom err="failed to parse textfile data from \"/var/lib/node_exporter/textfile_collector/athenaguard.prom\": text format parsing error in line 19: expected float as value, got \"2025-04-30\""
ts=2025-04-30T11:01:15.234Z caller=textfile.go:245 level=error collector=textfile msg="failed to collect textfile data" file=athenaguard.prom err="failed to parse textfile data from \"/var/lib/node_exporter/textfile_collector/athenaguard.prom\": text format parsing error in line 19: expected float as value, got \"2025-04-30\""
ts=2025-04-30T11:01:30.234Z caller=textfile.go:245 level=error collector=textfile msg="failed to collect textfile data" file=athenaguard.prom err="failed to parse textfile data from \"/var/lib/node_exporter/textfile_collector/athenaguard.prom\": text format parsing error in line 19: expected float as value, got \"2025-04-30\""
ts=2025-04-30T11:01:45.235Z caller=textfile.go:245 level=error collector=textfile msg="failed to collect textfile data" file=athenaguard.prom err="failed to parse textfile data from \"/var/lib/node_exporter/textfile_collector/athenaguard.prom\": text format parsing error in line 19: expected float as value, got \"2025-04-30\""
ts=2025-04-30T11:02:00.235Z caller=textfile.go:245 level=error collector=textfile msg="failed to collect textfile data" file=athenaguard.prom err="failed to parse textfile data from \"/var/lib/node_exporter/textfile_collector/athenaguard.prom\": text format parsing error in line 19: expected float as value, got \"2025-04-30\""
ts=2025-04-30T11:02:15.235Z caller=textfile.go:245 level=error collector=textfile msg="failed to collect textfile data" file=athenaguard.prom err="failed to parse textfile data from \"/var/lib/node_exporter/textfile_collector/athenaguard.prom\": text format parsing error in line 19: expected float as value, got \"2025-04-30\""
ts=2025-04-30T11:02:30.232Z caller=textfile.go:245 level=error collector=textfile msg="failed to collect textfile data" file=athenaguard.prom err="failed to parse textfile data from \"/var/lib/node_exporter/textfile_collector/athenaguard.prom\": text format parsing error in line 19: expected float as value, got \"2025-04-30\""
ts=2025-04-30T11:02:45.232Z caller=textfile.go:245 level=error collector=textfile msg="failed to collect textfile data" file=athenaguard.prom err="failed to parse textfile data from \"/var/lib/node_exporter/textfile_collector/athenaguard.prom\": text format parsing error in line 19: expected float as value, got \"2025-04-30\""
ts=2025-04-30T11:03:00.250Z caller=textfile.go:245 level=error collector=textfile msg="failed to collect textfile data" file=athenaguard.prom err="failed to parse textfile data from \"/var/lib/node_exporter/textfile_collector/athenaguard.prom\": text format parsing error in line 19: expected float as value, got \"2025-04-30\""
ts=2025-04-30T11:03:15.250Z caller=textfile.go:245 level=error collector=textfile msg="failed to collect textfile data" file=athenaguard.prom err="failed to parse textfile data from \"/var/lib/node_exporter/textfile_collector/athenaguard.prom\": text format parsing error in line 19: expected float as value, got \"2025-04-30\""
ts=2025-04-30T11:03:30.235Z caller=textfile.go:245 level=error collector=textfile msg="failed to collect textfile data" file=athenaguard.prom err="failed to parse textfile data from \"/var/lib/node_exporter/textfile_collector/athenaguard.prom\": text format parsing error in line 19: expected float as value, got \"2025-04-30\""
ts=2025-04-30T11:03:45.234Z caller=textfile.go:245 level=error collector=textfile msg="failed to collect textfile data" file=athenaguard.prom err="failed to parse textfile data from \"/var/lib/node_exporter/textfile_collector/athenaguard.prom\": text format parsing error in line 19: expected float as value, got \"2025-04-30\""
ts=2025-04-30T11:04:00.250Z caller=textfile.go:245 level=error collector=textfile msg="failed to collect textfile data" file=athenaguard.prom err="failed to parse textfile data from \"/var/lib/node_exporter/textfile_collector/athenaguard.prom\": text format parsing error in line 19: expected float as value, got \"2025-04-30\""
ts=2025-04-30T11:04:15.232Z caller=textfile.go:245 level=error collector=textfile msg="failed to collect textfile data" file=athenaguard.prom err="failed to parse textfile data from \"/var/lib/node_exporter/textfile_collector/athenaguard.prom\": text format parsing error in line 19: expected float as value, got \"2025-04-30\""
ts=2025-04-30T11:04:30.251Z caller=textfile.go:245 level=error collector=textfile msg="failed to collect textfile data" file=athenaguard.prom err="failed to parse textfile data from \"/var/lib/node_exporter/textfile_collector/athenaguard.prom\": text format parsing error in line 19: expected float as value, got \"2025-04-30\""
ts=2025-04-30T11:04:45.234Z caller=textfile.go:245 level=error collector=textfile msg="failed to collect textfile data" file=athenaguard.prom err="failed to parse textfile data from \"/var/lib/node_exporter/textfile_collector/athenaguard.prom\": text format parsing error in line 19: expected float as value, got \"2025-04-30\""
ts=2025-04-30T11:05:00.236Z caller=textfile.go:245 level=error collector=textfile msg="failed to collect textfile data" file=athenaguard.prom err="failed to parse textfile data from \"/var/lib/node_exporter/textfile_collector/athenaguard.prom\": text format parsing error in line 19: expected float as value, got \"2025-04-30\""
ts=2025-04-30T11:05:15.252Z caller=textfile.go:245 level=error collector=textfile msg="failed to collect textfile data" file=athenaguard.prom err="failed to parse textfile data from \"/var/lib/node_exporter/textfile_collector/athenaguard.prom\": text format parsing error in line 19: expected float as value, got \"2025-04-30\""
ts=2025-04-30T11:05:30.232Z caller=textfile.go:245 level=error collector=textfile msg="failed to collect textfile data" file=athenaguard.prom err="failed to parse textfile data from \"/var/lib/node_exporter/textfile_collector/athenaguard.prom\": text format parsing error in line 19: expected float as value, got \"2025-04-30\""
ts=2025-04-30T11:05:45.249Z caller=textfile.go:245 level=error collector=textfile msg="failed to collect textfile data" file=athenaguard.prom err="failed to parse textfile data from \"/var/lib/node_exporter/textfile_collector/athenaguard.prom\": text format parsing error in line 20: expected float as value, got \"2025-04-30\""
ts=2025-04-30T11:06:00.249Z caller=textfile.go:245 level=error collector=textfile msg="failed to collect textfile data" file=athenaguard.prom err="failed to parse textfile data from \"/var/lib/node_exporter/textfile_collector/athenaguard.prom\": text format parsing error in line 20: expected float as value, got \"2025-04-30\""
ts=2025-04-30T11:06:15.237Z caller=textfile.go:245 level=error collector=textfile msg="failed to collect textfile data" file=athenaguard.prom err="failed to parse textfile data from \"/var/lib/node_exporter/textfile_collector/athenaguard.prom\": text format parsing error in line 20: expected float as value, got \"2025-04-30\""
ts=2025-04-30T11:06:30.234Z caller=textfile.go:245 level=error collector=textfile msg="failed to collect textfile data" file=athenaguard.prom err="failed to parse textfile data from \"/var/lib/node_exporter/textfile_collector/athenaguard.prom\": text format parsing error in line 20: expected float as value, got \"2025-04-30\""
ts=2025-04-30T11:06:45.234Z caller=textfile.go:245 level=error collector=textfile msg="failed to collect textfile data" file=athenaguard.prom err="failed to parse textfile data from \"/var/lib/node_exporter/textfile_collector/athenaguard.prom\": text format parsing error in line 20: expected float as value, got \"2025-04-30\""
ts=2025-04-30T11:07:00.248Z caller=textfile.go:245 level=error collector=textfile msg="failed to collect textfile data" file=athenaguard.prom err="failed to parse textfile data from \"/var/lib/node_exporter/textfile_collector/athenaguard.prom\": text format parsing error in line 20: expected float as value, got \"2025-04-30\""
ts=2025-04-30T11:07:15.249Z caller=textfile.go:245 level=error collector=textfile msg="failed to collect textfile data" file=athenaguard.prom err="failed to parse textfile data from \"/var/lib/node_exporter/textfile_collector/athenaguard.prom\": text format parsing error in line 20: expected float as value, got \"2025-04-30\""
ts=2025-04-30T11:07:30.235Z caller=textfile.go:245 level=error collector=textfile msg="failed to collect textfile data" file=athenaguard.prom err="failed to parse textfile data from \"/var/lib/node_exporter/textfile_collector/athenaguard.prom\": text format parsing error in line 20: expected float as value, got \"2025-04-30\""
ts=2025-04-30T11:07:45.249Z caller=textfile.go:245 level=error collector=textfile msg="failed to collect textfile data" file=athenaguard.prom err="failed to parse textfile data from \"/var/lib/node_exporter/textfile_collector/athenaguard.prom\": text format parsing error in line 20: expected float as value, got \"2025-04-30\""
ts=2025-04-30T11:08:00.235Z caller=textfile.go:245 level=error collector=textfile msg="failed to collect textfile data" file=athenaguard.prom err="failed to parse textfile data from \"/var/lib/node_exporter/textfile_collector/athenaguard.prom\": text format parsing error in line 20: expected float as value, got \"2025-04-30\""
ts=2025-04-30T11:08:15.248Z caller=textfile.go:245 level=error collector=textfile msg="failed to collect textfile data" file=athenaguard.prom err="failed to parse textfile data from \"/var/lib/node_exporter/textfile_collector/athenaguard.prom\": text format parsing error in line 20: expected float as value, got \"2025-04-30\""
ts=2025-04-30T11:08:30.239Z caller=textfile.go:245 level=error collector=textfile msg="failed to collect textfile data" file=athenaguard.prom err="failed to parse textfile data from \"/var/lib/node_exporter/textfile_collector/athenaguard.prom\": text format parsing error in line 20: expected float as value, got \"2025-04-30\""
ts=2025-04-30T11:08:45.231Z caller=textfile.go:245 level=error collector=textfile msg="failed to collect textfile data" file=athenaguard.prom err="failed to parse textfile data from \"/var/lib/node_exporter/textfile_collector/athenaguard.prom\": text format parsing error in line 20: expected float as value, got \"2025-04-30\""
ts=2025-04-30T11:09:00.235Z caller=textfile.go:245 level=error collector=textfile msg="failed to collect textfile data" file=athenaguard.prom err="failed to parse textfile data from \"/var/lib/node_exporter/textfile_collector/athenaguard.prom\": text format parsing error in line 20: expected float as value, got \"2025-04-30\""
ts=2025-04-30T11:09:15.251Z caller=textfile.go:245 level=error collector=textfile msg="failed to collect textfile data" file=athenaguard.prom err="failed to parse textfile data from \"/var/lib/node_exporter/textfile_collector/athenaguard.prom\": text format parsing error in line 20: expected float as value, got \"2025-04-30\""
ts=2025-04-30T11:09:30.235Z caller=textfile.go:245 level=error collector=textfile msg="failed to collect textfile data" file=athenaguard.prom err="failed to parse textfile data from \"/var/lib/node_exporter/textfile_collector/athenaguard.prom\": text format parsing error in line 20: expected float as value, got \"2025-04-30\""
ts=2025-04-30T11:09:45.249Z caller=textfile.go:245 level=error collector=textfile msg="failed to collect textfile data" file=athenaguard.prom err="failed to parse textfile data from \"/var/lib/node_exporter/textfile_collector/athenaguard.prom\": text format parsing error in line 20: expected float as value, got \"2025-04-30\""
ts=2025-04-30T11:10:00.249Z caller=textfile.go:245 level=error collector=textfile msg="failed to collect textfile data" file=athenaguard.prom err="failed to parse textfile data from \"/var/lib/node_exporter/textfile_collector/athenaguard.prom\": text format parsing error in line 20: expected float as value, got \"2025-04-30\""
ts=2025-04-30T11:10:15.247Z caller=textfile.go:245 level=error collector=textfile msg="failed to collect textfile data" file=athenaguard.prom err="failed to parse textfile data from \"/var/lib/node_exporter/textfile_collector/athenaguard.prom\": text format parsing error in line 20: expected float as value, got \"2025-04-30\""
ts=2025-04-30T11:10:30.238Z caller=textfile.go:245 level=error collector=textfile msg="failed to collect textfile data" file=athenaguard.prom err="failed to parse textfile data from \"/var/lib/node_exporter/textfile_collector/athenaguard.prom\": text format parsing error in line 20: expected float as value, got \"2025-04-30\""
ts=2025-04-30T11:10:45.251Z caller=textfile.go:245 level=error collector=textfile msg="failed to collect textfile data" file=athenaguard.prom err="failed to parse textfile data from \"/var/lib/node_exporter/textfile_collector/athenaguard.prom\": text format parsing error in line 20: expected float as value, got \"2025-04-30\""
ts=2025-04-30T11:11:00.237Z caller=textfile.go:245 level=error collector=textfile msg="failed to collect textfile data" file=athenaguard.prom err="failed to parse textfile data from \"/var/lib/node_exporter/textfile_collector/athenaguard.prom\": text format parsing error in line 20: expected float as value, got \"2025-04-30\""
ts=2025-04-30T11:11:15.248Z caller=textfile.go:245 level=error collector=textfile msg="failed to collect textfile data" file=athenaguard.prom err="failed to parse textfile data from \"/var/lib/node_exporter/textfile_collector/athenaguard.prom\": text format parsing error in line 20: expected float as value, got \"2025-04-30\""
ts=2025-04-30T11:11:30.234Z caller=textfile.go:245 level=error collector=textfile msg="failed to collect textfile data" file=athenaguard.prom err="failed to parse textfile data from \"/var/lib/node_exporter/textfile_collector/athenaguard.prom\": text format parsing error in line 20: expected float as value, got \"2025-04-30\""
ts=2025-04-30T11:11:45.243Z caller=textfile.go:245 level=error collector=textfile msg="failed to collect textfile data" file=athenaguard.prom err="failed to parse textfile data from \"/var/lib/node_exporter/textfile_collector/athenaguard.prom\": text format parsing error in line 20: expected float as value, got \"2025-04-30\""
ts=2025-04-30T11:12:00.253Z caller=textfile.go:245 level=error collector=textfile msg="failed to collect textfile data" file=athenaguard.prom err="failed to parse textfile data from \"/var/lib/node_exporter/textfile_collector/athenaguard.prom\": text format parsing error in line 20: expected float as value, got \"2025-04-30\""
ts=2025-04-30T11:12:15.234Z caller=textfile.go:245 level=error collector=textfile msg="failed to collect textfile data" file=athenaguard.prom err="failed to parse textfile data from \"/var/lib/node_exporter/textfile_collector/athenaguard.prom\": text format parsing error in line 20: expected float as value, got \"2025-04-30\""
ts=2025-04-30T11:12:30.248Z caller=textfile.go:245 level=error collector=textfile msg="failed to collect textfile data" file=athenaguard.prom err="failed to parse textfile data from \"/var/lib/node_exporter/textfile_collector/athenaguard.prom\": text format parsing error in line 20: expected float as value, got \"2025-04-30\""
ts=2025-04-30T11:12:45.235Z caller=textfile.go:245 level=error collector=textfile msg="failed to collect textfile data" file=athenaguard.prom err="failed to parse textfile data from \"/var/lib/node_exporter/textfile_collector/athenaguard.prom\": text format parsing error in line 20: expected float as value, got \"2025-04-30\""
ts=2025-04-30T11:13:00.249Z caller=textfile.go:245 level=error collector=textfile msg="failed to collect textfile data" file=athenaguard.prom err="failed to parse textfile data from \"/var/lib/node_exporter/textfile_collector/athenaguard.prom\": text format parsing error in line 20: expected float as value, got \"2025-04-30\""
ts=2025-04-30T11:13:15.232Z caller=textfile.go:245 level=error collector=textfile msg="failed to collect textfile data" file=athenaguard.prom err="failed to parse textfile data from \"/var/lib/node_exporter/textfile_collector/athenaguard.prom\": text format parsing error in line 20: expected float as value, got \"2025-04-30\""
ts=2025-04-30T11:13:30.237Z caller=textfile.go:245 level=error collector=textfile msg="failed to collect textfile data" file=athenaguard.prom err="failed to parse textfile data from \"/var/lib/node_exporter/textfile_collector/athenaguard.prom\": text format parsing error in line 20: expected float as value, got \"2025-04-30\""
ts=2025-04-30T11:13:45.232Z caller=textfile.go:245 level=error collector=textfile msg="failed to collect textfile data" file=athenaguard.prom err="failed to parse textfile data from \"/var/lib/node_exporter/textfile_collector/athenaguard.prom\": text format parsing error in line 20: expected float as value, got \"2025-04-30\""
ts=2025-04-30T11:14:00.234Z caller=textfile.go:245 level=error collector=textfile msg="failed to collect textfile data" file=athenaguard.prom err="failed to parse textfile data from \"/var/lib/node_exporter/textfile_collector/athenaguard.prom\": text format parsing error in line 20: expected float as value, got \"2025-04-30\""
ts=2025-04-30T11:14:15.252Z caller=textfile.go:245 level=error collector=textfile msg="failed to collect textfile data" file=athenaguard.prom err="failed to parse textfile data from \"/var/lib/node_exporter/textfile_collector/athenaguard.prom\": text format parsing error in line 20: expected float as value, got \"2025-04-30\""
ts=2025-04-30T11:14:30.235Z caller=textfile.go:245 level=error collector=textfile msg="failed to collect textfile data" file=athenaguard.prom err="failed to parse textfile data from \"/var/lib/node_exporter/textfile_collector/athenaguard.prom\": text format parsing error in line 20: expected float as value, got \"2025-04-30\""
ts=2025-04-30T11:14:45.232Z caller=textfile.go:245 level=error collector=textfile msg="failed to collect textfile data" file=athenaguard.prom err="failed to parse textfile data from \"/var/lib/node_exporter/textfile_collector/athenaguard.prom\": text format parsing error in line 20: expected float as value, got \"2025-04-30\""
ts=2025-04-30T11:15:00.250Z caller=textfile.go:245 level=error collector=textfile msg="failed to collect textfile data" file=athenaguard.prom err="failed to parse textfile data from \"/var/lib/node_exporter/textfile_collector/athenaguard.prom\": text format parsing error in line 20: expected float as value, got \"2025-04-30\""
ts=2025-04-30T11:15:15.232Z caller=textfile.go:245 level=error collector=textfile msg="failed to collect textfile data" file=athenaguard.prom err="failed to parse textfile data from \"/var/lib/node_exporter/textfile_collector/athenaguard.prom\": text format parsing error in line 20: expected float as value, got \"2025-04-30\""
ts=2025-04-30T11:15:30.235Z caller=textfile.go:245 level=error collector=textfile msg="failed to collect textfile data" file=athenaguard.prom err="failed to parse textfile data from \"/var/lib/node_exporter/textfile_collector/athenaguard.prom\": text format parsing error in line 20: expected float as value, got \"2025-04-30\""
ts=2025-04-30T11:15:45.234Z caller=textfile.go:245 level=error collector=textfile msg="failed to collect textfile data" file=athenaguard.prom err="failed to parse textfile data from \"/var/lib/node_exporter/textfile_collector/athenaguard.prom\": text format parsing error in line 20: expected float as value, got \"2025-04-30\""
ts=2025-04-30T11:16:00.249Z caller=textfile.go:245 level=error collector=textfile msg="failed to collect textfile data" file=athenaguard.prom err="failed to parse textfile data from \"/var/lib/node_exporter/textfile_collector/athenaguard.prom\": text format parsing error in line 20: expected float as value, got \"2025-04-30\""
ts=2025-04-30T11:16:15.234Z caller=textfile.go:245 level=error collector=textfile msg="failed to collect textfile data" file=athenaguard.prom err="failed to parse textfile data from \"/var/lib/node_exporter/textfile_collector/athenaguard.prom\": text format parsing error in line 20: expected float as value, got \"2025-04-30\""
ts=2025-04-30T11:16:30.250Z caller=textfile.go:245 level=error collector=textfile msg="failed to collect textfile data" file=athenaguard.prom err="failed to parse textfile data from \"/var/lib/node_exporter/textfile_collector/athenaguard.prom\": text format parsing error in line 20: expected float as value, got \"2025-04-30\""
ts=2025-04-30T11:16:45.235Z caller=textfile.go:245 level=error collector=textfile msg="failed to collect textfile data" file=athenaguard.prom err="failed to parse textfile data from \"/var/lib/node_exporter/textfile_collector/athenaguard.prom\": text format parsing error in line 20: expected float as value, got \"2025-04-30\""
ts=2025-04-30T11:17:00.234Z caller=textfile.go:245 level=error collector=textfile msg="failed to collect textfile data" file=athenaguard.prom err="failed to parse textfile data from \"/var/lib/node_exporter/textfile_collector/athenaguard.prom\": text format parsing error in line 20: expected float as value, got \"2025-04-30\""
ts=2025-04-30T11:17:15.237Z caller=textfile.go:245 level=error collector=textfile msg="failed to collect textfile data" file=athenaguard.prom err="failed to parse textfile data from \"/var/lib/node_exporter/textfile_collector/athenaguard.prom\": text format parsing error in line 20: expected float as value, got \"2025-04-30\""
ts=2025-04-30T11:17:30.232Z caller=textfile.go:245 level=error collector=textfile msg="failed to collect textfile data" file=athenaguard.prom err="failed to parse textfile data from \"/var/lib/node_exporter/textfile_collector/athenaguard.prom\": text format parsing error in line 20: expected float as value, got \"2025-04-30\""
ts=2025-04-30T11:17:45.237Z caller=textfile.go:245 level=error collector=textfile msg="failed to collect textfile data" file=athenaguard.prom err="failed to parse textfile data from \"/var/lib/node_exporter/textfile_collector/athenaguard.prom\": text format parsing error in line 20: expected float as value, got \"2025-04-30\""
ts=2025-04-30T11:18:00.234Z caller=textfile.go:245 level=error collector=textfile msg="failed to collect textfile data" file=athenaguard.prom err="failed to parse textfile data from \"/var/lib/node_exporter/textfile_collector/athenaguard.prom\": text format parsing error in line 20: expected float as value, got \"2025-04-30\""
ts=2025-04-30T11:18:15.251Z caller=textfile.go:245 level=error collector=textfile msg="failed to collect textfile data" file=athenaguard.prom err="failed to parse textfile data from \"/var/lib/node_exporter/textfile_collector/athenaguard.prom\": text format parsing error in line 20: expected float as value, got \"2025-04-30\""
ts=2025-04-30T11:18:30.247Z caller=textfile.go:245 level=error collector=textfile msg="failed to collect textfile data" file=athenaguard.prom err="failed to parse textfile data from \"/var/lib/node_exporter/textfile_collector/athenaguard.prom\": text format parsing error in line 20: expected float as value, got \"2025-04-30\""
ts=2025-04-30T11:18:45.234Z caller=textfile.go:245 level=error collector=textfile msg="failed to collect textfile data" file=athenaguard.prom err="failed to parse textfile data from \"/var/lib/node_exporter/textfile_collector/athenaguard.prom\": text format parsing error in line 20: expected float as value, got \"2025-04-30\""
ts=2025-04-30T11:19:00.233Z caller=textfile.go:245 level=error collector=textfile msg="failed to collect textfile data" file=athenaguard.prom err="failed to parse textfile data from \"/var/lib/node_exporter/textfile_collector/athenaguard.prom\": text format parsing error in line 20: expected float as value, got \"2025-04-30\""
ts=2025-04-30T11:19:15.248Z caller=textfile.go:245 level=error collector=textfile msg="failed to collect textfile data" file=athenaguard.prom err="failed to parse textfile data from \"/var/lib/node_exporter/textfile_collector/athenaguard.prom\": text format parsing error in line 20: expected float as value, got \"2025-04-30\""
ts=2025-04-30T11:19:30.250Z caller=textfile.go:245 level=error collector=textfile msg="failed to collect textfile data" file=athenaguard.prom err="failed to parse textfile data from \"/var/lib/node_exporter/textfile_collector/athenaguard.prom\": text format parsing error in line 20: expected float as value, got \"2025-04-30\""
ts=2025-04-30T11:19:45.250Z caller=textfile.go:245 level=error collector=textfile msg="failed to collect textfile data" file=athenaguard.prom err="failed to parse textfile data from \"/var/lib/node_exporter/textfile_collector/athenaguard.prom\": text format parsing error in line 20: expected float as value, got \"2025-04-30\""
ts=2025-04-30T11:20:00.235Z caller=textfile.go:245 level=error collector=textfile msg="failed to collect textfile data" file=athenaguard.prom err="failed to parse textfile data from \"/var/lib/node_exporter/textfile_collector/athenaguard.prom\": text format parsing error in line 20: expected float as value, got \"2025-04-30\""
ts=2025-04-30T11:20:15.232Z caller=textfile.go:245 level=error collector=textfile msg="failed to collect textfile data" file=athenaguard.prom err="failed to parse textfile data from \"/var/lib/node_exporter/textfile_collector/athenaguard.prom\": text format parsing error in line 20: expected float as value, got \"2025-04-30\""
ts=2025-04-30T11:20:30.235Z caller=textfile.go:245 level=error collector=textfile msg="failed to collect textfile data" file=athenaguard.prom err="failed to parse textfile data from \"/var/lib/node_exporter/textfile_collector/athenaguard.prom\": text format parsing error in line 20: expected float as value, got \"2025-04-30\""
ts=2025-04-30T11:20:45.234Z caller=textfile.go:245 level=error collector=textfile msg="failed to collect textfile data" file=athenaguard.prom err="failed to parse textfile data from \"/var/lib/node_exporter/textfile_collector/athenaguard.prom\": text format parsing error in line 20: expected float as value, got \"2025-04-30\""
ts=2025-04-30T11:21:00.250Z caller=textfile.go:245 level=error collector=textfile msg="failed to collect textfile data" file=athenaguard.prom err="failed to parse textfile data from \"/var/lib/node_exporter/textfile_collector/athenaguard.prom\": text format parsing error in line 20: expected float as value, got \"2025-04-30\""
ts=2025-04-30T11:21:15.249Z caller=textfile.go:245 level=error collector=textfile msg="failed to collect textfile data" file=athenaguard.prom err="failed to parse textfile data from \"/var/lib/node_exporter/textfile_collector/athenaguard.prom\": text format parsing error in line 20: expected float as value, got \"2025-04-30\""
ts=2025-04-30T11:21:30.252Z caller=textfile.go:245 level=error collector=textfile msg="failed to collect textfile data" file=athenaguard.prom err="failed to parse textfile data from \"/var/lib/node_exporter/textfile_collector/athenaguard.prom\": text format parsing error in line 20: expected float as value, got \"2025-04-30\""
ts=2025-04-30T11:21:45.234Z caller=textfile.go:245 level=error collector=textfile msg="failed to collect textfile data" file=athenaguard.prom err="failed to parse textfile data from \"/var/lib/node_exporter/textfile_collector/athenaguard.prom\": text format parsing error in line 20: expected float as value, got \"2025-04-30\""
ts=2025-04-30T11:22:00.234Z caller=textfile.go:245 level=error collector=textfile msg="failed to collect textfile data" file=athenaguard.prom err="failed to parse textfile data from \"/var/lib/node_exporter/textfile_collector/athenaguard.prom\": text format parsing error in line 20: expected float as value, got \"2025-04-30\""
ts=2025-04-30T11:22:15.234Z caller=textfile.go:245 level=error collector=textfile msg="failed to collect textfile data" file=athenaguard.prom err="failed to parse textfile data from \"/var/lib/node_exporter/textfile_collector/athenaguard.prom\": text format parsing error in line 20: expected float as value, got \"2025-04-30\""
ts=2025-04-30T11:22:30.235Z caller=textfile.go:245 level=error collector=textfile msg="failed to collect textfile data" file=athenaguard.prom err="failed to parse textfile data from \"/var/lib/node_exporter/textfile_collector/athenaguard.prom\": text format parsing error in line 20: expected float as value, got \"2025-04-30\""
ts=2025-04-30T11:22:45.248Z caller=textfile.go:245 level=error collector=textfile msg="failed to collect textfile data" file=athenaguard.prom err="failed to parse textfile data from \"/var/lib/node_exporter/textfile_collector/athenaguard.prom\": text format parsing error in line 20: expected float as value, got \"2025-04-30\""
ts=2025-04-30T11:23:00.235Z caller=textfile.go:245 level=error collector=textfile msg="failed to collect textfile data" file=athenaguard.prom err="failed to parse textfile data from \"/var/lib/node_exporter/textfile_collector/athenaguard.prom\": text format parsing error in line 20: expected float as value, got \"2025-04-30\""
ts=2025-04-30T11:23:15.234Z caller=textfile.go:245 level=error collector=textfile msg="failed to collect textfile data" file=athenaguard.prom err="failed to parse textfile data from \"/var/lib/node_exporter/textfile_collector/athenaguard.prom\": text format parsing error in line 20: expected float as value, got \"2025-04-30\""
ts=2025-04-30T11:23:30.238Z caller=textfile.go:245 level=error collector=textfile msg="failed to collect textfile data" file=athenaguard.prom err="failed to parse textfile data from \"/var/lib/node_exporter/textfile_collector/athenaguard.prom\": text format parsing error in line 20: expected float as value, got \"2025-04-30\""
ts=2025-04-30T11:23:45.252Z caller=textfile.go:245 level=error collector=textfile msg="failed to collect textfile data" file=athenaguard.prom err="failed to parse textfile data from \"/var/lib/node_exporter/textfile_collector/athenaguard.prom\": text format parsing error in line 20: expected float as value, got \"2025-04-30\""
ts=2025-04-30T11:24:00.236Z caller=textfile.go:245 level=error collector=textfile msg="failed to collect textfile data" file=athenaguard.prom err="failed to parse textfile data from \"/var/lib/node_exporter/textfile_collector/athenaguard.prom\": text format parsing error in line 20: expected float as value, got \"2025-04-30\""
ts=2025-04-30T11:24:15.235Z caller=textfile.go:245 level=error collector=textfile msg="failed to collect textfile data" file=athenaguard.prom err="failed to parse textfile data from \"/var/lib/node_exporter/textfile_collector/athenaguard.prom\": text format parsing error in line 20: expected float as value, got \"2025-04-30\""
ts=2025-04-30T11:24:30.248Z caller=textfile.go:245 level=error collector=textfile msg="failed to collect textfile data" file=athenaguard.prom err="failed to parse textfile data from \"/var/lib/node_exporter/textfile_collector/athenaguard.prom\": text format parsing error in line 20: expected float as value, got \"2025-04-30\""
ts=2025-04-30T11:24:45.235Z caller=textfile.go:245 level=error collector=textfile msg="failed to collect textfile data" file=athenaguard.prom err="failed to parse textfile data from \"/var/lib/node_exporter/textfile_collector/athenaguard.prom\": text format parsing error in line 20: expected float as value, got \"2025-04-30\""
ts=2025-04-30T11:25:00.238Z caller=textfile.go:245 level=error collector=textfile msg="failed to collect textfile data" file=athenaguard.prom err="failed to parse textfile data from \"/var/lib/node_exporter/textfile_collector/athenaguard.prom\": text format parsing error in line 20: expected float as value, got \"2025-04-30\""
ts=2025-04-30T11:25:15.249Z caller=textfile.go:245 level=error collector=textfile msg="failed to collect textfile data" file=athenaguard.prom err="failed to parse textfile data from \"/var/lib/node_exporter/textfile_collector/athenaguard.prom\": text format parsing error in line 20: expected float as value, got \"2025-04-30\""
ts=2025-04-30T11:25:30.235Z caller=textfile.go:245 level=error collector=textfile msg="failed to collect textfile data" file=athenaguard.prom err="failed to parse textfile data from \"/var/lib/node_exporter/textfile_collector/athenaguard.prom\": text format parsing error in line 20: expected float as value, got \"2025-04-30\""
ts=2025-04-30T11:25:45.235Z caller=textfile.go:245 level=error collector=textfile msg="failed to collect textfile data" file=athenaguard.prom err="failed to parse textfile data from \"/var/lib/node_exporter/textfile_collector/athenaguard.prom\": text format parsing error in line 20: expected float as value, got \"2025-04-30\""
ts=2025-04-30T11:26:00.236Z caller=textfile.go:245 level=error collector=textfile msg="failed to collect textfile data" file=athenaguard.prom err="failed to parse textfile data from \"/var/lib/node_exporter/textfile_collector/athenaguard.prom\": text format parsing error in line 20: expected float as value, got \"2025-04-30\""
ts=2025-04-30T11:26:15.248Z caller=textfile.go:245 level=error collector=textfile msg="failed to collect textfile data" file=athenaguard.prom err="failed to parse textfile data from \"/var/lib/node_exporter/textfile_collector/athenaguard.prom\": text format parsing error in line 20: expected float as value, got \"2025-04-30\""
ts=2025-04-30T11:26:30.251Z caller=textfile.go:245 level=error collector=textfile msg="failed to collect textfile data" file=athenaguard.prom err="failed to parse textfile data from \"/var/lib/node_exporter/textfile_collector/athenaguard.prom\": text format parsing error in line 20: expected float as value, got \"2025-04-30\""
ts=2025-04-30T11:26:45.234Z caller=textfile.go:245 level=error collector=textfile msg="failed to collect textfile data" file=athenaguard.prom err="failed to parse textfile data from \"/var/lib/node_exporter/textfile_collector/athenaguard.prom\": text format parsing error in line 20: expected float as value, got \"2025-04-30\""
ts=2025-04-30T11:27:00.235Z caller=textfile.go:245 level=error collector=textfile msg="failed to collect textfile data" file=athenaguard.prom err="failed to parse textfile data from \"/var/lib/node_exporter/textfile_collector/athenaguard.prom\": text format parsing error in line 20: expected float as value, got \"2025-04-30\""
ts=2025-04-30T11:27:15.234Z caller=textfile.go:245 level=error collector=textfile msg="failed to collect textfile data" file=athenaguard.prom err="failed to parse textfile data from \"/var/lib/node_exporter/textfile_collector/athenaguard.prom\": text format parsing error in line 20: expected float as value, got \"2025-04-30\""
ts=2025-04-30T11:27:30.234Z caller=textfile.go:245 level=error collector=textfile msg="failed to collect textfile data" file=athenaguard.prom err="failed to parse textfile data from \"/var/lib/node_exporter/textfile_collector/athenaguard.prom\": text format parsing error in line 20: expected float as value, got \"2025-04-30\""
ts=2025-04-30T11:27:45.252Z caller=textfile.go:245 level=error collector=textfile msg="failed to collect textfile data" file=athenaguard.prom err="failed to parse textfile data from \"/var/lib/node_exporter/textfile_collector/athenaguard.prom\": text format parsing error in line 20: expected float as value, got \"2025-04-30\""
ts=2025-04-30T11:28:00.235Z caller=textfile.go:245 level=error collector=textfile msg="failed to collect textfile data" file=athenaguard.prom err="failed to parse textfile data from \"/var/lib/node_exporter/textfile_collector/athenaguard.prom\": text format parsing error in line 20: expected float as value, got \"2025-04-30\""
ts=2025-04-30T11:28:15.250Z caller=textfile.go:245 level=error collector=textfile msg="failed to collect textfile data" file=athenaguard.prom err="failed to parse textfile data from \"/var/lib/node_exporter/textfile_collector/athenaguard.prom\": text format parsing error in line 20: expected float as value, got \"2025-04-30\""
ts=2025-04-30T11:28:30.250Z caller=textfile.go:245 level=error collector=textfile msg="failed to collect textfile data" file=athenaguard.prom err="failed to parse textfile data from \"/var/lib/node_exporter/textfile_collector/athenaguard.prom\": text format parsing error in line 20: expected float as value, got \"2025-04-30\""
ts=2025-04-30T11:28:45.247Z caller=textfile.go:245 level=error collector=textfile msg="failed to collect textfile data" file=athenaguard.prom err="failed to parse textfile data from \"/var/lib/node_exporter/textfile_collector/athenaguard.prom\": text format parsing error in line 20: expected float as value, got \"2025-04-30\""
ts=2025-04-30T11:29:00.233Z caller=textfile.go:245 level=error collector=textfile msg="failed to collect textfile data" file=athenaguard.prom err="failed to parse textfile data from \"/var/lib/node_exporter/textfile_collector/athenaguard.prom\": text format parsing error in line 20: expected float as value, got \"2025-04-30\""
ts=2025-04-30T11:29:15.235Z caller=textfile.go:245 level=error collector=textfile msg="failed to collect textfile data" file=athenaguard.prom err="failed to parse textfile data from \"/var/lib/node_exporter/textfile_collector/athenaguard.prom\": text format parsing error in line 20: expected float as value, got \"2025-04-30\""
ts=2025-04-30T11:29:30.235Z caller=textfile.go:245 level=error collector=textfile msg="failed to collect textfile data" file=athenaguard.prom err="failed to parse textfile data from \"/var/lib/node_exporter/textfile_collector/athenaguard.prom\": text format parsing error in line 20: expected float as value, got \"2025-04-30\""
ts=2025-04-30T11:29:45.235Z caller=textfile.go:245 level=error collector=textfile msg="failed to collect textfile data" file=athenaguard.prom err="failed to parse textfile data from \"/var/lib/node_exporter/textfile_collector/athenaguard.prom\": text format parsing error in line 20: expected float as value, got \"2025-04-30\""
ts=2025-04-30T11:30:00.234Z caller=textfile.go:245 level=error collector=textfile msg="failed to collect textfile data" file=athenaguard.prom err="failed to parse textfile data from \"/var/lib/node_exporter/textfile_collector/athenaguard.prom\": text format parsing error in line 20: expected float as value, got \"2025-04-30\""
ts=2025-04-30T11:30:15.235Z caller=textfile.go:245 level=error collector=textfile msg="failed to collect textfile data" file=athenaguard.prom err="failed to parse textfile data from \"/var/lib/node_exporter/textfile_collector/athenaguard.prom\": text format parsing error in line 20: expected float as value, got \"2025-04-30\""
ts=2025-04-30T11:30:30.234Z caller=textfile.go:245 level=error collector=textfile msg="failed to collect textfile data" file=athenaguard.prom err="failed to parse textfile data from \"/var/lib/node_exporter/textfile_collector/athenaguard.prom\": text format parsing error in line 20: expected float as value, got \"2025-04-30\""
ts=2025-04-30T11:30:45.235Z caller=textfile.go:245 level=error collector=textfile msg="failed to collect textfile data" file=athenaguard.prom err="failed to parse textfile data from \"/var/lib/node_exporter/textfile_collector/athenaguard.prom\": text format parsing error in line 20: expected float as value, got \"2025-04-30\""
ts=2025-04-30T11:31:00.234Z caller=textfile.go:245 level=error collector=textfile msg="failed to collect textfile data" file=athenaguard.prom err="failed to parse textfile data from \"/var/lib/node_exporter/textfile_collector/athenaguard.prom\": text format parsing error in line 20: expected float as value, got \"2025-04-30\""
ts=2025-04-30T11:31:15.238Z caller=textfile.go:245 level=error collector=textfile msg="failed to collect textfile data" file=athenaguard.prom err="failed to parse textfile data from \"/var/lib/node_exporter/textfile_collector/athenaguard.prom\": text format parsing error in line 20: expected float as value, got \"2025-04-30\""
ts=2025-04-30T11:31:30.234Z caller=textfile.go:245 level=error collector=textfile msg="failed to collect textfile data" file=athenaguard.prom err="failed to parse textfile data from \"/var/lib/node_exporter/textfile_collector/athenaguard.prom\": text format parsing error in line 20: expected float as value, got \"2025-04-30\""
ts=2025-04-30T11:31:45.250Z caller=textfile.go:245 level=error collector=textfile msg="failed to collect textfile data" file=athenaguard.prom err="failed to parse textfile data from \"/var/lib/node_exporter/textfile_collector/athenaguard.prom\": text format parsing error in line 20: expected float as value, got \"2025-04-30\""
ts=2025-04-30T11:32:00.232Z caller=textfile.go:245 level=error collector=textfile msg="failed to collect textfile data" file=athenaguard.prom err="failed to parse textfile data from \"/var/lib/node_exporter/textfile_collector/athenaguard.prom\": text format parsing error in line 20: expected float as value, got \"2025-04-30\""
ts=2025-04-30T11:32:15.235Z caller=textfile.go:245 level=error collector=textfile msg="failed to collect textfile data" file=athenaguard.prom err="failed to parse textfile data from \"/var/lib/node_exporter/textfile_collector/athenaguard.prom\": text format parsing error in line 20: expected float as value, got \"2025-04-30\""
ts=2025-04-30T11:32:30.234Z caller=textfile.go:245 level=error collector=textfile msg="failed to collect textfile data" file=athenaguard.prom err="failed to parse textfile data from \"/var/lib/node_exporter/textfile_collector/athenaguard.prom\": text format parsing error in line 20: expected float as value, got \"2025-04-30\""
ts=2025-04-30T11:32:45.234Z caller=textfile.go:245 level=error collector=textfile msg="failed to collect textfile data" file=athenaguard.prom err="failed to parse textfile data from \"/var/lib/node_exporter/textfile_collector/athenaguard.prom\": text format parsing error in line 20: expected float as value, got \"2025-04-30\""
ts=2025-04-30T11:33:00.251Z caller=textfile.go:245 level=error collector=textfile msg="failed to collect textfile data" file=athenaguard.prom err="failed to parse textfile data from \"/var/lib/node_exporter/textfile_collector/athenaguard.prom\": text format parsing error in line 20: expected float as value, got \"2025-04-30\""
ts=2025-04-30T11:33:15.251Z caller=textfile.go:245 level=error collector=textfile msg="failed to collect textfile data" file=athenaguard.prom err="failed to parse textfile data from \"/var/lib/node_exporter/textfile_collector/athenaguard.prom\": text format parsing error in line 20: expected float as value, got \"2025-04-30\""
ts=2025-04-30T11:33:30.235Z caller=textfile.go:245 level=error collector=textfile msg="failed to collect textfile data" file=athenaguard.prom err="failed to parse textfile data from \"/var/lib/node_exporter/textfile_collector/athenaguard.prom\": text format parsing error in line 20: expected float as value, got \"2025-04-30\""
ts=2025-04-30T11:33:45.232Z caller=textfile.go:245 level=error collector=textfile msg="failed to collect textfile data" file=athenaguard.prom err="failed to parse textfile data from \"/var/lib/node_exporter/textfile_collector/athenaguard.prom\": text format parsing error in line 20: expected float as value, got \"2025-04-30\""
ts=2025-04-30T11:34:00.232Z caller=textfile.go:245 level=error collector=textfile msg="failed to collect textfile data" file=athenaguard.prom err="failed to parse textfile data from \"/var/lib/node_exporter/textfile_collector/athenaguard.prom\": text format parsing error in line 20: expected float as value, got \"2025-04-30\""
ts=2025-04-30T11:34:15.250Z caller=textfile.go:245 level=error collector=textfile msg="failed to collect textfile data" file=athenaguard.prom err="failed to parse textfile data from \"/var/lib/node_exporter/textfile_collector/athenaguard.prom\": text format parsing error in line 20: expected float as value, got \"2025-04-30\""
ts=2025-04-30T11:34:30.251Z caller=textfile.go:245 level=error collector=textfile msg="failed to collect textfile data" file=athenaguard.prom err="failed to parse textfile data from \"/var/lib/node_exporter/textfile_collector/athenaguard.prom\": text format parsing error in line 20: expected float as value, got \"2025-04-30\""
ts=2025-04-30T11:34:45.237Z caller=textfile.go:245 level=error collector=textfile msg="failed to collect textfile data" file=athenaguard.prom err="failed to parse textfile data from \"/var/lib/node_exporter/textfile_collector/athenaguard.prom\": text format parsing error in line 20: expected float as value, got \"2025-04-30\""
ts=2025-04-30T11:35:00.252Z caller=textfile.go:245 level=error collector=textfile msg="failed to collect textfile data" file=athenaguard.prom err="failed to parse textfile data from \"/var/lib/node_exporter/textfile_collector/athenaguard.prom\": text format parsing error in line 20: expected float as value, got \"2025-04-30\""
ts=2025-04-30T11:35:15.235Z caller=textfile.go:245 level=error collector=textfile msg="failed to collect textfile data" file=athenaguard.prom err="failed to parse textfile data from \"/var/lib/node_exporter/textfile_collector/athenaguard.prom\": text format parsing error in line 20: expected float as value, got \"2025-04-30\""
ts=2025-04-30T11:35:30.251Z caller=textfile.go:245 level=error collector=textfile msg="failed to collect textfile data" file=athenaguard.prom err="failed to parse textfile data from \"/var/lib/node_exporter/textfile_collector/athenaguard.prom\": text format parsing error in line 20: expected float as value, got \"2025-04-30\""
ts=2025-04-30T11:35:45.238Z caller=textfile.go:245 level=error collector=textfile msg="failed to collect textfile data" file=athenaguard.prom err="failed to parse textfile data from \"/var/lib/node_exporter/textfile_collector/athenaguard.prom\": text format parsing error in line 20: expected float as value, got \"2025-04-30\""
ts=2025-04-30T11:36:00.238Z caller=textfile.go:245 level=error collector=textfile msg="failed to collect textfile data" file=athenaguard.prom err="failed to parse textfile data from \"/var/lib/node_exporter/textfile_collector/athenaguard.prom\": text format parsing error in line 20: expected float as value, got \"2025-04-30\""
ts=2025-04-30T11:36:15.235Z caller=textfile.go:245 level=error collector=textfile msg="failed to collect textfile data" file=athenaguard.prom err="failed to parse textfile data from \"/var/lib/node_exporter/textfile_collector/athenaguard.prom\": text format parsing error in line 20: expected float as value, got \"2025-04-30\""
ts=2025-04-30T11:36:30.250Z caller=textfile.go:245 level=error collector=textfile msg="failed to collect textfile data" file=athenaguard.prom err="failed to parse textfile data from \"/var/lib/node_exporter/textfile_collector/athenaguard.prom\": text format parsing error in line 20: expected float as value, got \"2025-04-30\""
ts=2025-04-30T11:36:45.235Z caller=textfile.go:245 level=error collector=textfile msg="failed to collect textfile data" file=athenaguard.prom err="failed to parse textfile data from \"/var/lib/node_exporter/textfile_collector/athenaguard.prom\": text format parsing error in line 20: expected float as value, got \"2025-04-30\""
ts=2025-04-30T11:37:00.236Z caller=textfile.go:245 level=error collector=textfile msg="failed to collect textfile data" file=athenaguard.prom err="failed to parse textfile data from \"/var/lib/node_exporter/textfile_collector/athenaguard.prom\": text format parsing error in line 20: expected float as value, got \"2025-04-30\""
ts=2025-04-30T11:37:15.249Z caller=textfile.go:245 level=error collector=textfile msg="failed to collect textfile data" file=athenaguard.prom err="failed to parse textfile data from \"/var/lib/node_exporter/textfile_collector/athenaguard.prom\": text format parsing error in line 20: expected float as value, got \"2025-04-30\""
ts=2025-04-30T11:37:30.238Z caller=textfile.go:245 level=error collector=textfile msg="failed to collect textfile data" file=athenaguard.prom err="failed to parse textfile data from \"/var/lib/node_exporter/textfile_collector/athenaguard.prom\": text format parsing error in line 20: expected float as value, got \"2025-04-30\""
ts=2025-04-30T11:37:45.238Z caller=textfile.go:245 level=error collector=textfile msg="failed to collect textfile data" file=athenaguard.prom err="failed to parse textfile data from \"/var/lib/node_exporter/textfile_collector/athenaguard.prom\": text format parsing error in line 20: expected float as value, got \"2025-04-30\""
ts=2025-04-30T11:38:00.235Z caller=textfile.go:245 level=error collector=textfile msg="failed to collect textfile data" file=athenaguard.prom err="failed to parse textfile data from \"/var/lib/node_exporter/textfile_collector/athenaguard.prom\": text format parsing error in line 20: expected float as value, got \"2025-04-30\""
ts=2025-04-30T11:38:15.236Z caller=textfile.go:245 level=error collector=textfile msg="failed to collect textfile data" file=athenaguard.prom err="failed to parse textfile data from \"/var/lib/node_exporter/textfile_collector/athenaguard.prom\": text format parsing error in line 20: expected float as value, got \"2025-04-30\""
ts=2025-04-30T11:38:30.233Z caller=textfile.go:245 level=error collector=textfile msg="failed to collect textfile data" file=athenaguard.prom err="failed to parse textfile data from \"/var/lib/node_exporter/textfile_collector/athenaguard.prom\": text format parsing error in line 20: expected float as value, got \"2025-04-30\""
ts=2025-04-30T11:38:45.238Z caller=textfile.go:245 level=error collector=textfile msg="failed to collect textfile data" file=athenaguard.prom err="failed to parse textfile data from \"/var/lib/node_exporter/textfile_collector/athenaguard.prom\": text format parsing error in line 20: expected float as value, got \"2025-04-30\""
ts=2025-04-30T11:39:00.232Z caller=textfile.go:245 level=error collector=textfile msg="failed to collect textfile data" file=athenaguard.prom err="failed to parse textfile data from \"/var/lib/node_exporter/textfile_collector/athenaguard.prom\": text format parsing error in line 20: expected float as value, got \"2025-04-30\""
ts=2025-04-30T11:39:15.238Z caller=textfile.go:245 level=error collector=textfile msg="failed to collect textfile data" file=athenaguard.prom err="failed to parse textfile data from \"/var/lib/node_exporter/textfile_collector/athenaguard.prom\": text format parsing error in line 20: expected float as value, got \"2025-04-30\""
ts=2025-04-30T11:39:30.248Z caller=textfile.go:245 level=error collector=textfile msg="failed to collect textfile data" file=athenaguard.prom err="failed to parse textfile data from \"/var/lib/node_exporter/textfile_collector/athenaguard.prom\": text format parsing error in line 20: expected float as value, got \"2025-04-30\""
ts=2025-04-30T11:39:45.236Z caller=textfile.go:245 level=error collector=textfile msg="failed to collect textfile data" file=athenaguard.prom err="failed to parse textfile data from \"/var/lib/node_exporter/textfile_collector/athenaguard.prom\": text format parsing error in line 20: expected float as value, got \"2025-04-30\""
ts=2025-04-30T11:40:00.235Z caller=textfile.go:245 level=error collector=textfile msg="failed to collect textfile data" file=athenaguard.prom err="failed to parse textfile data from \"/var/lib/node_exporter/textfile_collector/athenaguard.prom\": text format parsing error in line 20: expected float as value, got \"2025-04-30\""
ts=2025-04-30T11:40:15.251Z caller=textfile.go:245 level=error collector=textfile msg="failed to collect textfile data" file=athenaguard.prom err="failed to parse textfile data from \"/var/lib/node_exporter/textfile_collector/athenaguard.prom\": text format parsing error in line 20: expected float as value, got \"2025-04-30\""
ts=2025-04-30T11:40:30.237Z caller=textfile.go:245 level=error collector=textfile msg="failed to collect textfile data" file=athenaguard.prom err="failed to parse textfile data from \"/var/lib/node_exporter/textfile_collector/athenaguard.prom\": text format parsing error in line 20: expected float as value, got \"2025-04-30\""
ts=2025-04-30T11:40:45.236Z caller=textfile.go:245 level=error collector=textfile msg="failed to collect textfile data" file=athenaguard.prom err="failed to parse textfile data from \"/var/lib/node_exporter/textfile_collector/athenaguard.prom\": text format parsing error in line 20: expected float as value, got \"2025-04-30\""
ts=2025-04-30T11:41:00.235Z caller=textfile.go:245 level=error collector=textfile msg="failed to collect textfile data" file=athenaguard.prom err="failed to parse textfile data from \"/var/lib/node_exporter/textfile_collector/athenaguard.prom\": text format parsing error in line 20: expected float as value, got \"2025-04-30\""
ts=2025-04-30T11:41:15.232Z caller=textfile.go:245 level=error collector=textfile msg="failed to collect textfile data" file=athenaguard.prom err="failed to parse textfile data from \"/var/lib/node_exporter/textfile_collector/athenaguard.prom\": text format parsing error in line 20: expected float as value, got \"2025-04-30\""
ts=2025-04-30T11:41:30.232Z caller=textfile.go:245 level=error collector=textfile msg="failed to collect textfile data" file=athenaguard.prom err="failed to parse textfile data from \"/var/lib/node_exporter/textfile_collector/athenaguard.prom\": text format parsing error in line 20: expected float as value, got \"2025-04-30\""
ts=2025-04-30T11:41:45.249Z caller=textfile.go:245 level=error collector=textfile msg="failed to collect textfile data" file=athenaguard.prom err="failed to parse textfile data from \"/var/lib/node_exporter/textfile_collector/athenaguard.prom\": text format parsing error in line 20: expected float as value, got \"2025-04-30\""
ts=2025-04-30T11:42:00.235Z caller=textfile.go:245 level=error collector=textfile msg="failed to collect textfile data" file=athenaguard.prom err="failed to parse textfile data from \"/var/lib/node_exporter/textfile_collector/athenaguard.prom\": text format parsing error in line 20: expected float as value, got \"2025-04-30\""
ts=2025-04-30T11:42:15.251Z caller=textfile.go:245 level=error collector=textfile msg="failed to collect textfile data" file=athenaguard.prom err="failed to parse textfile data from \"/var/lib/node_exporter/textfile_collector/athenaguard.prom\": text format parsing error in line 20: expected float as value, got \"2025-04-30\""
ts=2025-04-30T11:42:30.234Z caller=textfile.go:245 level=error collector=textfile msg="failed to collect textfile data" file=athenaguard.prom err="failed to parse textfile data from \"/var/lib/node_exporter/textfile_collector/athenaguard.prom\": text format parsing error in line 20: expected float as value, got \"2025-04-30\""
ts=2025-04-30T11:42:45.236Z caller=textfile.go:245 level=error collector=textfile msg="failed to collect textfile data" file=athenaguard.prom err="failed to parse textfile data from \"/var/lib/node_exporter/textfile_collector/athenaguard.prom\": text format parsing error in line 20: expected float as value, got \"2025-04-30\""
ts=2025-04-30T11:43:00.237Z caller=textfile.go:245 level=error collector=textfile msg="failed to collect textfile data" file=athenaguard.prom err="failed to parse textfile data from \"/var/lib/node_exporter/textfile_collector/athenaguard.prom\": text format parsing error in line 20: expected float as value, got \"2025-04-30\""
