ts=2025-04-30T10:57:18.747Z caller=main.go:617 level=info msg="Starting Prometheus Server" mode=server version="(version=2.51.2, branch=HEAD, revision=b4c0ab52c3e9b940ab803581ddae9b3d9a452337)"
ts=2025-04-30T10:57:18.747Z caller=main.go:622 level=info build_context="(go=go1.22.2, platform=linux/amd64, user=root@b63f02a423d9, date=20240410-14:05:54, tags=netgo,builtinassets,stringlabels)"
ts=2025-04-30T10:57:18.747Z caller=main.go:623 level=info host_details="(Linux 4.18.0-553.22.1.el8_10.x86_64 #1 SMP Wed Sep 25 09:20:43 UTC 2024 x86_64 athena (none))"
ts=2025-04-30T10:57:18.747Z caller=main.go:624 level=info fd_limits="(soft=262144, hard=262144)"
ts=2025-04-30T10:57:18.747Z caller=main.go:625 level=info vm_limits="(soft=unlimited, hard=unlimited)"
ts=2025-04-30T10:57:18.749Z caller=web.go:568 level=info component=web msg="Start listening for connections" address=0.0.0.0:9090
ts=2025-04-30T10:57:18.749Z caller=main.go:1129 level=info msg="Starting TSDB ..."
ts=2025-04-30T10:57:18.749Z caller=repair.go:56 level=info component=tsdb msg="Found healthy block" mint=1745498869488 maxt=1745503200000 ulid=01JSQ28DXY1R4HGE3J3FM7MG4Q
ts=2025-04-30T10:57:18.749Z caller=repair.go:56 level=info component=tsdb msg="Found healthy block" mint=1745337199488 maxt=1745359200000 ulid=01JSQCJ0VN2HY8A5Z4Y0H4DYSG
ts=2025-04-30T10:57:18.749Z caller=repair.go:56 level=info component=tsdb msg="Found healthy block" mint=1745604589491 maxt=1745647200000 ulid=01JSRW2A9Y2G53QHS4EPYXHAP3
ts=2025-04-30T10:57:18.749Z caller=repair.go:56 level=info component=tsdb msg="Found healthy block" mint=1745647204493 maxt=1745690400000 ulid=01JSZGY18YJWZZ6J64K66EQ4EK
ts=2025-04-30T10:57:18.749Z caller=repair.go:56 level=info component=tsdb msg="Found healthy block" mint=1745876434491 maxt=1745906400000 ulid=01JT0K8NHVB6MEA8ZKNKF7GNT9
ts=2025-04-30T10:57:18.749Z caller=repair.go:56 level=info component=tsdb msg="Found healthy block" mint=1745971200232 maxt=1745978400000 ulid=01JT2A6348DDMMQCDA85RSHRMD
ts=2025-04-30T10:57:18.749Z caller=repair.go:56 level=info component=tsdb msg="Found healthy block" mint=1745978400230 maxt=1745985600000 ulid=01JT2H26QTQT4HB16VH74KXTTM
ts=2025-04-30T10:57:18.749Z caller=repair.go:56 level=info component=tsdb msg="Found healthy block" mint=1745906400230 maxt=1745971200000 ulid=01JT2H26V65M8EPB34H99QYCE7
ts=2025-04-30T10:57:18.749Z caller=repair.go:56 level=info component=tsdb msg="Found healthy block" mint=1745985600230 maxt=1745992800000 ulid=01JT2QXXZTYPSWX3V67GB0GPQE
ts=2025-04-30T10:57:18.749Z caller=repair.go:56 level=info component=tsdb msg="Found healthy block" mint=1745992800230 maxt=1746000000000 ulid=01JT2YSN7TAPP7MR9V106EG5BM
ts=2025-04-30T10:57:18.750Z caller=tls_config.go:313 level=info component=web msg="Listening on" address=[::]:9090
ts=2025-04-30T10:57:18.750Z caller=tls_config.go:316 level=info component=web msg="TLS is disabled." http2=false address=[::]:9090
ts=2025-04-30T10:57:18.756Z caller=db.go:1684 level=info component=tsdb msg="Deleting obsolete block" block=01JSZGY18YJWZZ6J64K66EQ4EK
ts=2025-04-30T10:57:18.756Z caller=db.go:1684 level=info component=tsdb msg="Deleting obsolete block" block=01JSRW2A9Y2G53QHS4EPYXHAP3
ts=2025-04-30T10:57:18.757Z caller=db.go:1684 level=info component=tsdb msg="Deleting obsolete block" block=01JSQ28DXY1R4HGE3J3FM7MG4Q
ts=2025-04-30T10:57:18.758Z caller=db.go:1684 level=info component=tsdb msg="Deleting obsolete block" block=01JT0K8NHVB6MEA8ZKNKF7GNT9
ts=2025-04-30T10:57:18.758Z caller=db.go:1684 level=info component=tsdb msg="Deleting obsolete block" block=01JSQCJ0VN2HY8A5Z4Y0H4DYSG
ts=2025-04-30T10:57:18.758Z caller=head.go:616 level=info component=tsdb msg="Replaying on-disk memory mappable chunks if any"
ts=2025-04-30T10:57:18.762Z caller=head.go:698 level=info component=tsdb msg="On-disk memory mappable chunks replay completed" duration=3.329048ms
ts=2025-04-30T10:57:18.762Z caller=head.go:706 level=info component=tsdb msg="Replaying WAL, this may take a while"
ts=2025-04-30T10:57:18.765Z caller=head.go:743 level=info component=tsdb msg="WAL checkpoint loaded"
ts=2025-04-30T10:57:18.818Z caller=head.go:778 level=info component=tsdb msg="WAL segment loaded" segment=68 maxSegment=72
ts=2025-04-30T10:57:18.872Z caller=head.go:778 level=info component=tsdb msg="WAL segment loaded" segment=69 maxSegment=72
ts=2025-04-30T10:57:18.908Z caller=head.go:778 level=info component=tsdb msg="WAL segment loaded" segment=70 maxSegment=72
ts=2025-04-30T10:57:18.911Z caller=head.go:778 level=info component=tsdb msg="WAL segment loaded" segment=71 maxSegment=72
ts=2025-04-30T10:57:18.912Z caller=head.go:778 level=info component=tsdb msg="WAL segment loaded" segment=72 maxSegment=72
ts=2025-04-30T10:57:18.912Z caller=head.go:815 level=info component=tsdb msg="WAL replay completed" checkpoint_replay_duration=3.485861ms wal_replay_duration=146.629118ms wbl_replay_duration=150ns total_replay_duration=153.464897ms
ts=2025-04-30T10:57:18.914Z caller=main.go:1150 level=info fs_type=XFS_SUPER_MAGIC
ts=2025-04-30T10:57:18.914Z caller=main.go:1153 level=info msg="TSDB started"
ts=2025-04-30T10:57:18.914Z caller=main.go:1335 level=info msg="Loading configuration file" filename=/home/chloe/athena_guard/configurations/prometheus.yml
ts=2025-04-30T10:57:18.915Z caller=main.go:1372 level=info msg="Completed loading of configuration file" filename=/home/chloe/athena_guard/configurations/prometheus.yml totalDuration=777.93µs db_storage=922ns remote_storage=1.283µs web_handler=722ns query_engine=672ns scrape=173.124µs scrape_sd=27.273µs notify=17.364µs notify_sd=6.473µs rules=354.634µs tracing=3.797µs
ts=2025-04-30T10:57:18.915Z caller=main.go:1114 level=info msg="Server is ready to receive web requests."
ts=2025-04-30T10:57:18.915Z caller=manager.go:163 level=info component="rule manager" msg="Starting rule manager..."
ts=2025-04-30T11:00:00.283Z caller=compact.go:572 level=info component=tsdb msg="write block" mint=1746000000000 maxt=1746007200000 ulid=01JT35N0465V86DWSD1WYZFGFA duration=20.543058ms
ts=2025-04-30T11:00:00.285Z caller=head.go:1338 level=info component=tsdb msg="Head GC completed" caller=truncateMemory duration=2.071404ms
ts=2025-04-30T11:00:00.286Z caller=checkpoint.go:101 level=info component=tsdb msg="Creating checkpoint" from_segment=68 to_segment=70 mint=1746007200000
ts=2025-04-30T11:00:00.361Z caller=head.go:1300 level=info component=tsdb msg="WAL checkpoint complete" first=68 last=70 duration=75.097882ms
